<?xml version="1.0" encoding="utf-8"?><testsuites name="pytest tests"><testsuite name="pytest" errors="0" failures="0" skipped="0" tests="11" time="3.592" timestamp="2026-06-14T22:20:08.468642+00:00" hostname="agent-env-1eb0ab09-abc3-497e-bc50-3de7b41a0e6b"><testcase classname="backend.tests.test_iteration2.TestIngestion" name="test_ingest_lever" time="1.603" /><testcase classname="backend.tests.test_iteration2.TestIngestion" name="test_ingest_yc" time="0.371" /><testcase classname="backend.tests.test_iteration2.TestScheduler" name="test_scheduler_status_shape" time="0.046" /><testcase classname="backend.tests.test_iteration2.TestGitHubLink" name="test_link_unauth" time="0.047" /><testcase classname="backend.tests.test_iteration2.TestGitHubLink" name="test_link_torvalds" time="0.516" /><testcase classname="backend.tests.test_iteration2.TestGitHubLink" name="test_link_nonexistent_user" time="0.150" /><testcase classname="backend.tests.test_iteration2.TestGitHubLink" name="test_sync_after_link" time="0.359" /><testcase classname="backend.tests.test_iteration2.TestMatchScore" name="test_unauth" time="0.164" /><testcase classname="backend.tests.test_iteration2.TestMatchScore" name="test_404_for_missing_job" time="0.046" /><testcase classname="backend.tests.test_iteration2.TestMatchScore" name="test_score_and_cache" time="0.142" /><testcase classname="backend.tests.test_iteration2.TestJobsCityPerf" name="test_buildings_under_5s" time="0.055" /></testsuite></testsuites>