<?xml version="1.0" encoding="utf-8"?><testsuites name="pytest tests"><testsuite name="pytest" errors="0" failures="2" skipped="0" tests="17" time="37.098" timestamp="2026-06-14T23:55:41.555585+00:00" hostname="agent-env-1eb0ab09-abc3-497e-bc50-3de7b41a0e6b"><testcase classname="backend.tests.backend_test.TestHealth" name="test_root" time="7.410" /><testcase classname="backend.tests.backend_test.TestJobsCity" name="test_buildings" time="0.053" /><testcase classname="backend.tests.backend_test.TestApplicantsCity" name="test_buildings" time="0.046" /><testcase classname="backend.tests.backend_test.TestJobs" name="test_jobs_paginated" time="0.049" /><testcase classname="backend.tests.backend_test.TestCompanies" name="test_companies_have_jobs_count" time="0.056" /><testcase classname="backend.tests.backend_test.TestAuth" name="test_login_demo_sets_cookies" time="0.270" /><testcase classname="backend.tests.backend_test.TestAuth" name="test_login_invalid" time="0.266" /><testcase classname="backend.tests.backend_test.TestAuth" name="test_register_creates_user_and_applicant" time="0.310" /><testcase classname="backend.tests.backend_test.TestAuth" name="test_me_with_bearer" time="0.316" /><testcase classname="backend.tests.backend_test.TestAuth" name="test_me_without_auth" time="19.585" /><testcase classname="backend.tests.backend_test.TestApplications" name="test_mine_has_seed_apps" time="0.049"><failure message="AssertionError: expected &gt;=5 demo applications, got 0&#10;assert 0 &gt;= 5&#10; +  where 0 = len([])">backend/tests/backend_test.py:180: in test_mine_has_seed_apps
    assert len(items) &gt;= 5, f"expected &gt;=5 demo applications, got {len(items)}"
E   AssertionError: expected &gt;=5 demo applications, got 0
E   assert 0 &gt;= 5
E    +  where 0 = len([])</failure></testcase><testcase classname="backend.tests.backend_test.TestApplications" name="test_create_and_duplicate" time="0.177"><failure message="AssertionError: first apply failed: 400 {&quot;detail&quot;:&quot;No applicant profile&quot;}&#10;assert 400 in (200, 201)&#10; +  where 400 = &lt;Response [400]&gt;.status_code">backend/tests/backend_test.py:200: in test_create_and_duplicate
    assert r1.status_code in (200, 201), f"first apply failed: {r1.status_code} {r1.text}"
E   AssertionError: first apply failed: 400 {"detail":"No applicant profile"}
E   assert 400 in (200, 201)
E    +  where 400 = &lt;Response [400]&gt;.status_code</failure></testcase><testcase classname="backend.tests.backend_test.TestApplicantsDetail" name="test_detail_and_compare" time="0.135" /><testcase classname="backend.tests.backend_test.TestAdmin" name="test_seed_idempotent" time="0.572" /><testcase classname="backend.tests.backend_test.TestJobBrief" name="test_brief_no_auth" time="7.073" /><testcase classname="backend.tests.backend_test.TestJobBrief" name="test_brief_cached_on_second_call" time="0.394" /><testcase classname="backend.tests.backend_test.TestJobBrief" name="test_brief_404_for_missing_job" time="0.111" /></testsuite></testsuites>